<?xml version="1.0" encoding="UTF-8"?>
<testsuite name="com.kotlin.services.AuthorServiceImplTest" tests="1" skipped="0" failures="0" errors="0" timestamp="2024-10-14T02:44:16" hostname="Madus-MacBook-Pro.local" time="0.039">
  <properties/>
  <testcase name="test that save persists author in database()" classname="com.kotlin.services.AuthorServiceImplTest" time="0.039"/>
  <system-out><![CDATA[08:14:14.820 [Test worker] INFO org.springframework.test.context.support.AnnotationConfigContextLoaderUtils -- Could not detect default configuration classes for test class [com.kotlin.services.AuthorServiceImplTest]: AuthorServiceImplTest does not declare any static, non-private, non-final, nested classes annotated with @Configuration.
08:14:14.853 [Test worker] INFO org.springframework.boot.test.context.SpringBootTestContextBootstrapper -- Found @SpringBootConfiguration com.kotlin.KotlinSpringApplication for test class com.kotlin.services.AuthorServiceImplTest

  .   ____          _            __ _ _
 /\\ / ___'_ __ _ _(_)_ __  __ _ \ \ \ \
( ( )\___ | '_ | '_| | '_ \/ _` | \ \ \ \
 \\/  ___)| |_)| | | | | || (_| |  ) ) ) )
  '  |____| .__|_| |_|_| |_\__, | / / / /
 =========|_|==============|___/=/_/_/_/
 :: Spring Boot ::               (v3.2.10)

2024-10-14T08:14:14.981+05:30  INFO 8336 --- [    Test worker] c.kotlin.services.AuthorServiceImplTest  : Starting AuthorServiceImplTest using Java 17.0.11 with PID 8336 (started by madubiradar in /Users/madubiradar/Downloads/kotlin-spring)
2024-10-14T08:14:14.981+05:30  INFO 8336 --- [    Test worker] c.kotlin.services.AuthorServiceImplTest  : No active profile set, falling back to 1 default profile: "default"
2024-10-14T08:14:15.276+05:30  INFO 8336 --- [    Test worker] .s.d.r.c.RepositoryConfigurationDelegate : Bootstrapping Spring Data JPA repositories in DEFAULT mode.
2024-10-14T08:14:15.298+05:30  INFO 8336 --- [    Test worker] .s.d.r.c.RepositoryConfigurationDelegate : Finished Spring Data repository scanning in 18 ms. Found 2 JPA repository interfaces.
2024-10-14T08:14:15.439+05:30  INFO 8336 --- [    Test worker] com.zaxxer.hikari.HikariDataSource       : HikariPool-1 - Starting...
2024-10-14T08:14:15.495+05:30  INFO 8336 --- [    Test worker] com.zaxxer.hikari.pool.HikariPool        : HikariPool-1 - Added connection conn0: url=jdbc:h2:mem:testdb user=SA
2024-10-14T08:14:15.495+05:30  INFO 8336 --- [    Test worker] com.zaxxer.hikari.HikariDataSource       : HikariPool-1 - Start completed.
2024-10-14T08:14:15.515+05:30  INFO 8336 --- [    Test worker] o.f.c.internal.license.VersionPrinter    : Flyway Community Edition 9.22.3 by Redgate
2024-10-14T08:14:15.515+05:30  INFO 8336 --- [    Test worker] o.f.c.internal.license.VersionPrinter    : See release notes here: https://rd.gt/416ObMi
2024-10-14T08:14:15.515+05:30  INFO 8336 --- [    Test worker] o.f.c.internal.license.VersionPrinter    : 
2024-10-14T08:14:15.530+05:30  INFO 8336 --- [    Test worker] org.flywaydb.core.FlywayExecutor         : Database: jdbc:h2:mem:testdb (H2 2.2)
2024-10-14T08:14:15.532+05:30  WARN 8336 --- [    Test worker] o.f.c.internal.database.base.Database    : Flyway upgrade recommended: H2 2.2.224 is newer than this version of Flyway and support has not been tested. The latest supported version of H2 is 2.2.220.
2024-10-14T08:14:15.537+05:30  INFO 8336 --- [    Test worker] o.f.c.i.s.JdbcTableSchemaHistory         : Schema history table "public"."flyway_schema_history" does not exist yet
2024-10-14T08:14:15.538+05:30  INFO 8336 --- [    Test worker] o.f.core.internal.command.DbValidate     : Successfully validated 1 migration (execution time 00:00.003s)
2024-10-14T08:14:15.540+05:30  INFO 8336 --- [    Test worker] o.f.c.i.s.JdbcTableSchemaHistory         : Creating Schema History table "public"."flyway_schema_history" ...
2024-10-14T08:14:15.549+05:30  INFO 8336 --- [    Test worker] o.f.core.internal.command.DbMigrate      : Current version of schema "public": << Empty Schema >>
2024-10-14T08:14:15.552+05:30  INFO 8336 --- [    Test worker] o.f.core.internal.command.DbMigrate      : Migrating schema "public" to version "1 - Init"
2024-10-14T08:14:15.557+05:30  INFO 8336 --- [    Test worker] o.f.core.internal.command.DbMigrate      : Successfully applied 1 migration to schema "public", now at version v1 (execution time 00:00.002s)
2024-10-14T08:14:15.600+05:30  INFO 8336 --- [    Test worker] o.hibernate.jpa.internal.util.LogHelper  : HHH000204: Processing PersistenceUnitInfo [name: default]
2024-10-14T08:14:15.621+05:30  INFO 8336 --- [    Test worker] org.hibernate.Version                    : HHH000412: Hibernate ORM core version 6.4.10.Final
2024-10-14T08:14:15.633+05:30  INFO 8336 --- [    Test worker] o.h.c.internal.RegionFactoryInitiator    : HHH000026: Second-level cache disabled
2024-10-14T08:14:15.704+05:30  INFO 8336 --- [    Test worker] o.s.o.j.p.SpringPersistenceUnitInfo      : No LoadTimeWeaver setup: ignoring JPA class transformer
2024-10-14T08:14:15.935+05:30  INFO 8336 --- [    Test worker] o.h.m.i.EntityInstantiatorPojoStandard   : HHH000182: No default (no-argument) constructor for class: com.kotlin.domain.Book (class must be instantiated by Interceptor)
2024-10-14T08:14:15.981+05:30  INFO 8336 --- [    Test worker] o.h.e.t.j.p.i.JtaPlatformInitiator       : HHH000489: No JTA platform available (set 'hibernate.transaction.jta.platform' to enable JTA platform integration)
2024-10-14T08:14:15.982+05:30  INFO 8336 --- [    Test worker] j.LocalContainerEntityManagerFactoryBean : Initialized JPA EntityManagerFactory for persistence unit 'default'
2024-10-14T08:14:16.138+05:30  WARN 8336 --- [    Test worker] JpaBaseConfiguration$JpaWebConfiguration : spring.jpa.open-in-view is enabled by default. Therefore, database queries may be performed during view rendering. Explicitly configure spring.jpa.open-in-view to disable this warning
2024-10-14T08:14:16.314+05:30  INFO 8336 --- [    Test worker] c.kotlin.services.AuthorServiceImplTest  : Started AuthorServiceImplTest in 1.417 seconds (process running for 1.807)
]]></system-out>
  <system-err><![CDATA[]]></system-err>
</testsuite>
